{"level":"error","message":"From, to and date are required","timestamp":"2025-11-25 10:50:21"}
{"level":"error","message":"From, to and date are required","timestamp":"2025-11-25 10:50:22"}
{"level":"error","message":"From, to and date are required","timestamp":"2025-11-25 10:53:14"}
{"level":"error","message":"From, to and date are required","timestamp":"2025-11-25 10:53:15"}
{"level":"error","message":"From, to and date are required","timestamp":"2025-11-25 10:53:39"}
{"level":"error","message":"From, to and date are required","timestamp":"2025-11-25 10:53:40"}
{"level":"error","message":"From, to and date are required","timestamp":"2025-11-25 10:54:54"}
{"level":"error","message":"From, to and date are required","timestamp":"2025-11-25 10:54:55"}
{"level":"error","message":"From, to and date are required","timestamp":"2025-11-25 10:55:20"}
{"level":"error","message":"From, to and date are required","timestamp":"2025-11-25 10:55:22"}
{"level":"error","message":"No buses found for the selected route and date","timestamp":"2025-11-25 11:01:55"}
{"level":"error","message":"No buses found for the selected route and date","timestamp":"2025-11-25 11:01:56"}
{"level":"error","message":"No buses found for the selected route and date","timestamp":"2025-11-25 11:04:50"}
{"level":"error","message":"No buses found for the selected route and date","timestamp":"2025-11-25 11:04:52"}
{"level":"error","message":"No buses found for the selected route and date","timestamp":"2025-11-25 11:04:54"}
{"level":"error","message":"No buses found for the selected route and date","timestamp":"2025-11-25 11:04:55"}
{"level":"error","message":"No buses found for the selected route and date","timestamp":"2025-11-25 11:06:46"}
{"level":"error","message":"No buses found for the selected route and date","timestamp":"2025-11-25 11:06:47"}
{"level":"error","message":"No buses found for the selected route and date","timestamp":"2025-11-25 11:07:36"}
{"level":"error","message":"No buses found for the selected route and date","timestamp":"2025-11-25 11:07:37"}
{"level":"error","message":"No buses found for the selected route and date","timestamp":"2025-11-25 11:07:42"}
{"level":"error","message":"No buses found for the selected route and date","timestamp":"2025-11-25 11:07:43"}
{"level":"error","message":"No buses found for the selected route and date","timestamp":"2025-11-25 11:08:12"}
{"level":"error","message":"No buses found for the selected route and date","timestamp":"2025-11-25 11:08:13"}
{"level":"error","message":"No buses found for the selected route and date","timestamp":"2025-11-25 11:08:27"}
{"level":"error","message":"No buses found for the selected route and date","timestamp":"2025-11-25 11:08:28"}
{"level":"error","message":"No buses found for the selected route and date","timestamp":"2025-11-25 11:08:52"}
{"level":"error","message":"No buses found for the selected route and date","timestamp":"2025-11-25 11:08:53"}
{"level":"error","message":"No buses found for the selected route and date","timestamp":"2025-11-25 11:09:21"}
{"level":"error","message":"No buses found for the selected route and date","timestamp":"2025-11-25 11:09:22"}
{"level":"error","message":"No buses found for the selected route and date","timestamp":"2025-11-25 11:09:28"}
{"level":"error","message":"No buses found for the selected route and date","timestamp":"2025-11-25 11:09:29"}
{"level":"error","message":"Unauthorized access","timestamp":"2025-11-25 16:42:53"}
{"level":"error","message":"Unauthorized access","timestamp":"2025-11-25 16:50:45"}
{"level":"error","message":"Unauthorized access","timestamp":"2025-11-25 16:51:15"}
{"level":"error","message":"Unauthorized access","timestamp":"2025-11-25 16:51:44"}
{"level":"error","message":"Unauthorized access","timestamp":"2025-11-25 16:52:50"}
{"level":"error","message":"User not found","timestamp":"2025-11-25 16:53:30"}
{"level":"error","message":"Cast to ObjectId failed for value \"{\n  userId: '6922cc5f13b0b30348a9ffe3',\n  iat: 1764070120,\n  exp: 1764156520\n}\" (type Object) at path \"user\" for model \"Ticket\"","timestamp":"2025-11-25 16:58:40"}
{"level":"error","message":"Cast to ObjectId failed for value \"{\n  userId: '6922cc5f13b0b30348a9ffe3',\n  iat: 1764070120,\n  exp: 1764156520\n}\" (type Object) at path \"user\" for model \"Ticket\"","timestamp":"2025-11-25 16:58:40"}
{"level":"error","message":"Cast to ObjectId failed for value \"{\n  userId: '6922cc5f13b0b30348a9ffe3',\n  iat: 1764070120,\n  exp: 1764156520\n}\" (type Object) at path \"user\" for model \"Ticket\"","timestamp":"2025-11-25 16:58:41"}
{"level":"error","message":"Cast to ObjectId failed for value \"{\n  userId: '6922cc5f13b0b30348a9ffe3',\n  iat: 1764070120,\n  exp: 1764156520\n}\" (type Object) at path \"user\" for model \"Ticket\"","timestamp":"2025-11-25 16:58:48"}
{"level":"error","message":"Cast to ObjectId failed for value \"{\n  userId: '6922cc5f13b0b30348a9ffe3',\n  iat: 1764070120,\n  exp: 1764156520\n}\" (type Object) at path \"user\" for model \"Ticket\"","timestamp":"2025-11-25 16:58:49"}
{"level":"error","message":"Unauthorized access","timestamp":"2025-11-25 17:06:13"}
{"level":"error","message":"Unauthorized access","timestamp":"2025-11-25 17:07:51"}
{"level":"error","message":"Ticket validation failed: total_fars: Path `total_fars` is required., seatNumbers.0: At least one seat must be selected.","timestamp":"2025-11-25 17:09:11"}
{"level":"error","message":"Ticket validation failed: seatNumbers.0: At least one seat must be selected.","timestamp":"2025-11-25 17:11:25"}
{"level":"error","message":"bus.save is not a function","timestamp":"2025-11-25 17:12:31"}
{"level":"error","message":"bus.save is not a function","timestamp":"2025-11-25 17:14:53"}
